<?xml version="1.0" encoding="UTF-8" ?>
<testsuite errors="0" failures="0" hostname="Den1z" name="de.tum.in.ibis.BlogTest" tests="6" time="0.683" timestamp="2011-07-16T19:27:20">
  <properties>
[...]
</properties>
  <testcase classname="de.tum.in.ibis.BlogTest" name="testAddEntry" time="0.159" />
  <testcase classname="de.tum.in.ibis.BlogTest" name="testAddDuplicateUUIDEntry" time="0.091" />
  <testcase classname="de.tum.in.ibis.BlogTest" name="testAddDuplicateTitleEntry" time="0.09" />
  <testcase classname="de.tum.in.ibis.BlogTest" name="testRemoveEntry" time="0.091" />
  <testcase classname="de.tum.in.ibis.BlogTest" name="testUpdateEntry" time="0.091" />
  <testcase classname="de.tum.in.ibis.BlogTest" name="testGetEntries" time="0.091" />
  <system-out><![CDATA[]]></system-out>
  <system-err><![CDATA[]]></system-err>
</testsuite>
