<?xml version="1.0" encoding="UTF-8" ?>
<testsuite failures="0" time="2.508" errors="1" skipped="0" tests="1" name="de.tum.ibis.customerdb.TestCustomerDb">
  <properties>
[...]
</properties>
  <testcase time="2.483" classname="de.tum.ibis.customerdb.TestCustomerDb" name="classWideSetup">
    <error message="Could not send Message." type="javax.xml.ws.soap.SOAPFaultException">javax.xml.ws.soap.SOAPFaultException: Could not send Message.
	at org.apache.cxf.jaxws.JaxWsClientProxy.invoke(JaxWsClientProxy.java:143)
	at $Proxy39.getCustomers(Unknown Source)
	at de.tum.ibis.customerdb.TestCustomerDb.classWideSetup(TestCustomerDb.java:31)
	at sun.reflect.NativeMethodAccessorImpl.invoke0(Native Method)
	at sun.reflect.NativeMethodAccessorImpl.invoke(NativeMethodAccessorImpl.java:39)
	at sun.reflect.DelegatingMethodAccessorImpl.invoke(DelegatingMethodAccessorImpl.java:25)
	at java.lang.reflect.Method.invoke(Method.java:597)
	at org.junit.internal.runners.TestMethod.invoke(TestMethod.java:59)
	at org.junit.internal.runners.MethodRoadie.runTestMethod(MethodRoadie.java:98)
	at org.junit.internal.runners.MethodRoadie$2.run(MethodRoadie.java:79)
	at org.junit.internal.runners.MethodRoadie.runBeforesThenTestThenAfters(MethodRoadie.java:87)
	at org.junit.internal.runners.MethodRoadie.runTest(MethodRoadie.java:77)
	at org.junit.internal.runners.MethodRoadie.run(MethodRoadie.java:42)
	at org.junit.internal.runners.JUnit4ClassRunner.invokeTestMethod(JUnit4ClassRunner.java:88)
	at org.junit.internal.runners.JUnit4ClassRunner.runMethods(JUnit4ClassRunner.java:51)
	at org.junit.internal.runners.JUnit4ClassRunner$1.run(JUnit4ClassRunner.java:44)
	at org.junit.internal.runners.ClassRoadie.runUnprotected(ClassRoadie.java:27)
	at org.junit.internal.runners.ClassRoadie.runProtected(ClassRoadie.java:37)
	at org.junit.internal.runners.JUnit4ClassRunner.run(JUnit4ClassRunner.java:42)
	at org.apache.maven.surefire.junit4.JUnit4TestSet.execute(JUnit4TestSet.java:35)
	at org.apache.maven.surefire.junit4.JUnit4Provider.executeTestSet(JUnit4Provider.java:146)
	at org.apache.maven.surefire.junit4.JUnit4Provider.invoke(JUnit4Provider.java:97)
	at sun.reflect.NativeMethodAccessorImpl.invoke0(Native Method)
	at sun.reflect.NativeMethodAccessorImpl.invoke(NativeMethodAccessorImpl.java:39)
	at sun.reflect.DelegatingMethodAccessorImpl.invoke(DelegatingMethodAccessorImpl.java:25)
	at java.lang.reflect.Method.invoke(Method.java:597)
	at org.apache.maven.surefire.booter.ProviderFactory$ClassLoaderProxy.invoke(ProviderFactory.java:103)
	at $Proxy0.invoke(Unknown Source)
	at org.apache.maven.surefire.booter.SurefireStarter.invokeProvider(SurefireStarter.java:145)
	at org.apache.maven.surefire.booter.SurefireStarter.runSuitesInProcess(SurefireStarter.java:87)
	at org.apache.maven.surefire.booter.ForkedBooter.main(ForkedBooter.java:69)
Caused by: java.net.ConnectException: Connection refused: connect
	at java.net.PlainSocketImpl.socketConnect(Native Method)
	at java.net.PlainSocketImpl.doConnect(PlainSocketImpl.java:333)
	at java.net.PlainSocketImpl.connectToAddress(PlainSocketImpl.java:195)
	at java.net.PlainSocketImpl.connect(PlainSocketImpl.java:182)
	at java.net.SocksSocketImpl.connect(SocksSocketImpl.java:366)
	at java.net.Socket.connect(Socket.java:529)
	at sun.net.NetworkClient.doConnect(NetworkClient.java:158)
	at sun.net.www.http.HttpClient.openServer(HttpClient.java:394)
	at sun.net.www.http.HttpClient.openServer(HttpClient.java:529)
	at sun.net.www.http.HttpClient.&lt;init&gt;(HttpClient.java:233)
	at sun.net.www.http.HttpClient.New(HttpClient.java:306)
	at sun.net.www.http.HttpClient.New(HttpClient.java:323)
	at sun.net.www.protocol.http.HttpURLConnection.getNewHttpClient(HttpURLConnection.java:975)
	at sun.net.www.protocol.http.HttpURLConnection.plainConnect(HttpURLConnection.java:916)
	at sun.net.www.protocol.http.HttpURLConnection.connect(HttpURLConnection.java:841)
	at sun.net.www.protocol.http.HttpURLConnection.getOutputStream(HttpURLConnection.java:1019)
	at org.apache.cxf.transport.http.HTTPConduit$WrappedOutputStream.handleHeadersTrustCaching(HTTPConduit.java:1916)
	at org.apache.cxf.transport.http.HTTPConduit$WrappedOutputStream.onFirstWrite(HTTPConduit.java:1871)
	at org.apache.cxf.io.AbstractWrappedOutputStream.write(AbstractWrappedOutputStream.java:42)
	at org.apache.cxf.io.AbstractThresholdOutputStream.write(AbstractThresholdOutputStream.java:69)
	at org.apache.cxf.transport.http.HTTPConduit$WrappedOutputStream.close(HTTPConduit.java:1934)
	at org.apache.cxf.transport.AbstractConduit.close(AbstractConduit.java:66)
	at org.apache.cxf.transport.http.HTTPConduit.close(HTTPConduit.java:632)
	at org.apache.cxf.interceptor.MessageSenderInterceptor$MessageSenderEndingInterceptor.handleMessage(MessageSenderInterceptor.java:62)
	at org.apache.cxf.phase.PhaseInterceptorChain.doIntercept(PhaseInterceptorChain.java:236)
	at org.apache.cxf.endpoint.ClientImpl.invoke(ClientImpl.java:472)
	at org.apache.cxf.endpoint.ClientImpl.invoke(ClientImpl.java:302)
	at org.apache.cxf.endpoint.ClientImpl.invoke(ClientImpl.java:254)
	at org.apache.cxf.frontend.ClientProxy.invokeSync(ClientProxy.java:73)
	at org.apache.cxf.jaxws.JaxWsClientProxy.invoke(JaxWsClientProxy.java:123)
	... 30 more
</error>
    <system-out>@HL
@HL-------------------------------------------------------
@HL T E S T S
@HL-------------------------------------------------------
@SLRunning de.tum.ibis.customerdb.TestCustomerDb
</system-out>
    <system-err>07.07.2011 13:27:47 org.springframework.context.support.AbstractApplicationContext prepareRefresh
INFO: Refreshing org.apache.cxf.bus.spring.BusApplicationContext@3ed02b51: display name [org.apache.cxf.bus.spring.BusApplicationContext@3ed02b51]; startup date [Thu Jul 07 13:27:47 CEST 2011]; root of context hierarchy
07.07.2011 13:27:48 org.apache.cxf.bus.spring.BusApplicationContext getConfigResources
INFO: No cxf.xml configuration file detected, relying on defaults.
07.07.2011 13:27:48 org.springframework.beans.factory.support.DefaultListableBeanFactory registerBeanDefinition
INFO: Overriding bean definition for bean &apos;org.apache.cxf.transport.http.policy.HTTPClientAssertionBuilder&apos;: replacing [Generic bean: class [org.apache.cxf.transport.http.policy.HTTPClientAssertionBuilder]; scope=singleton; abstract=false; lazyInit=false; autowireMode=0; dependencyCheck=0; autowireCandidate=true; primary=false; factoryBeanName=null; factoryMethodName=null; initMethodName=null; destroyMethodName=null; defined in URL [jar:file:/C:/Users/Deniz/.m2/repository/org/apache/cxf/cxf-bundle-jaxrs/2.2.3/cxf-bundle-jaxrs-2.2.3.jar!/META-INF/cxf/cxf-extension-http.fixml]] with [Generic bean: class [org.apache.cxf.transport.http.policy.HTTPClientAssertionBuilder]; scope=singleton; abstract=false; lazyInit=false; autowireMode=0; dependencyCheck=0; autowireCandidate=true; primary=false; factoryBeanName=null; factoryMethodName=null; initMethodName=null; destroyMethodName=null; defined in URL [jar:file:/C:/Users/Deniz/.m2/repository/org/apache/cxf/cxf-bundle-jaxrs/2.2.3/cxf-bundle-jaxrs-2.2.3.jar!/META-INF/cxf/cxf-extension-http.fixml]]
07.07.2011 13:27:48 org.springframework.beans.factory.support.DefaultListableBeanFactory registerBeanDefinition
INFO: Overriding bean definition for bean &apos;org.apache.cxf.transport.http.policy.HTTPServerAssertionBuilder&apos;: replacing [Generic bean: class [org.apache.cxf.transport.http.policy.HTTPServerAssertionBuilder]; scope=singleton; abstract=false; lazyInit=false; autowireMode=0; dependencyCheck=0; autowireCandidate=true; primary=false; factoryBeanName=null; factoryMethodName=null; initMethodName=null; destroyMethodName=null; defined in URL [jar:file:/C:/Users/Deniz/.m2/repository/org/apache/cxf/cxf-bundle-jaxrs/2.2.3/cxf-bundle-jaxrs-2.2.3.jar!/META-INF/cxf/cxf-extension-http.fixml]] with [Generic bean: class [org.apache.cxf.transport.http.policy.HTTPServerAssertionBuilder]; scope=singleton; abstract=false; lazyInit=false; autowireMode=0; dependencyCheck=0; autowireCandidate=true; primary=false; factoryBeanName=null; factoryMethodName=null; initMethodName=null; destroyMethodName=null; defined in URL [jar:file:/C:/Users/Deniz/.m2/repository/org/apache/cxf/cxf-bundle-jaxrs/2.2.3/cxf-bundle-jaxrs-2.2.3.jar!/META-INF/cxf/cxf-extension-http.fixml]]
07.07.2011 13:27:48 org.springframework.beans.factory.support.DefaultListableBeanFactory registerBeanDefinition
INFO: Overriding bean definition for bean &apos;org.apache.cxf.transport.http.policy.NoOpPolicyInterceptorProvider&apos;: replacing [Generic bean: class [org.apache.cxf.transport.http.policy.NoOpPolicyInterceptorProvider]; scope=singleton; abstract=false; lazyInit=false; autowireMode=0; dependencyCheck=0; autowireCandidate=true; primary=false; factoryBeanName=null; factoryMethodName=null; initMethodName=null; destroyMethodName=null; defined in URL [jar:file:/C:/Users/Deniz/.m2/repository/org/apache/cxf/cxf-bundle-jaxrs/2.2.3/cxf-bundle-jaxrs-2.2.3.jar!/META-INF/cxf/cxf-extension-http.fixml]] with [Generic bean: class [org.apache.cxf.transport.http.policy.NoOpPolicyInterceptorProvider]; scope=singleton; abstract=false; lazyInit=false; autowireMode=0; dependencyCheck=0; autowireCandidate=true; primary=false; factoryBeanName=null; factoryMethodName=null; initMethodName=null; destroyMethodName=null; defined in URL [jar:file:/C:/Users/Deniz/.m2/repository/org/apache/cxf/cxf-bundle-jaxrs/2.2.3/cxf-bundle-jaxrs-2.2.3.jar!/META-INF/cxf/cxf-extension-http.fixml]]
07.07.2011 13:27:48 org.springframework.beans.factory.support.DefaultListableBeanFactory registerBeanDefinition
INFO: Overriding bean definition for bean &apos;org.apache.cxf.transport.http.ClientOnlyHTTPTransportFactory&apos;: replacing [Generic bean: class [org.apache.cxf.transport.http.ClientOnlyHTTPTransportFactory]; scope=singleton; abstract=false; lazyInit=true; autowireMode=0; dependencyCheck=0; autowireCandidate=true; primary=false; factoryBeanName=null; factoryMethodName=null; initMethodName=null; destroyMethodName=null; defined in URL [jar:file:/C:/Users/Deniz/.m2/repository/org/apache/cxf/cxf-bundle-jaxrs/2.2.3/cxf-bundle-jaxrs-2.2.3.jar!/META-INF/cxf/cxf-extension-http.fixml]] with [Generic bean: class [org.apache.cxf.transport.http.ClientOnlyHTTPTransportFactory]; scope=singleton; abstract=false; lazyInit=true; autowireMode=0; dependencyCheck=0; autowireCandidate=true; primary=false; factoryBeanName=null; factoryMethodName=null; initMethodName=null; destroyMethodName=null; defined in URL [jar:file:/C:/Users/Deniz/.m2/repository/org/apache/cxf/cxf-bundle-jaxrs/2.2.3/cxf-bundle-jaxrs-2.2.3.jar!/META-INF/cxf/cxf-extension-http.fixml]]
07.07.2011 13:27:48 org.springframework.beans.factory.support.DefaultListableBeanFactory registerBeanDefinition
INFO: Overriding bean definition for bean &apos;org.apache.cxf.binding.xml.XMLBindingFactory&apos;: replacing [Generic bean: class [org.apache.cxf.binding.xml.XMLBindingFactory]; scope=singleton; abstract=false; lazyInit=true; autowireMode=0; dependencyCheck=0; autowireCandidate=true; primary=false; factoryBeanName=null; factoryMethodName=null; initMethodName=null; destroyMethodName=null; defined in URL [jar:file:/C:/Users/Deniz/.m2/repository/org/apache/cxf/cxf-bundle-jaxrs/2.2.3/cxf-bundle-jaxrs-2.2.3.jar!/META-INF/cxf/cxf-extension-xml.fixml]] with [Generic bean: class [org.apache.cxf.binding.xml.XMLBindingFactory]; scope=singleton; abstract=false; lazyInit=true; autowireMode=0; dependencyCheck=0; autowireCandidate=true; primary=false; factoryBeanName=null; factoryMethodName=null; initMethodName=null; destroyMethodName=null; defined in URL [jar:file:/C:/Users/Deniz/.m2/repository/org/apache/cxf/cxf-bundle-jaxrs/2.2.3/cxf-bundle-jaxrs-2.2.3.jar!/META-INF/cxf/cxf-extension-xml.fixml]]
07.07.2011 13:27:48 org.springframework.beans.factory.support.DefaultListableBeanFactory registerBeanDefinition
INFO: Overriding bean definition for bean &apos;org.apache.cxf.transport.http.policy.HTTPClientAssertionBuilder&apos;: replacing [Generic bean: class [org.apache.cxf.transport.http.policy.HTTPClientAssertionBuilder]; scope=singleton; abstract=false; lazyInit=false; autowireMode=0; dependencyCheck=0; autowireCandidate=true; primary=false; factoryBeanName=null; factoryMethodName=null; initMethodName=null; destroyMethodName=null; defined in URL [jar:file:/C:/Users/Deniz/.m2/repository/org/apache/cxf/cxf-bundle-jaxrs/2.2.3/cxf-bundle-jaxrs-2.2.3.jar!/META-INF/cxf/cxf-extension-http.fixml]] with [Generic bean: class [org.apache.cxf.transport.http.policy.HTTPClientAssertionBuilder]; scope=singleton; abstract=false; lazyInit=false; autowireMode=0; dependencyCheck=0; autowireCandidate=true; primary=false; factoryBeanName=null; factoryMethodName=null; initMethodName=null; destroyMethodName=null; defined in URL [jar:file:/C:/Users/Deniz/.m2/repository/org/apache/cxf/cxf-bundle-jaxrs/2.2.3/cxf-bundle-jaxrs-2.2.3.jar!/META-INF/cxf/cxf-extension-http.fixml]]
07.07.2011 13:27:48 org.springframework.beans.factory.support.DefaultListableBeanFactory registerBeanDefinition
INFO: Overriding bean definition for bean &apos;org.apache.cxf.transport.http.policy.HTTPServerAssertionBuilder&apos;: replacing [Generic bean: class [org.apache.cxf.transport.http.policy.HTTPServerAssertionBuilder]; scope=singleton; abstract=false; lazyInit=false; autowireMode=0; dependencyCheck=0; autowireCandidate=true; primary=false; factoryBeanName=null; factoryMethodName=null; initMethodName=null; destroyMethodName=null; defined in URL [jar:file:/C:/Users/Deniz/.m2/repository/org/apache/cxf/cxf-bundle-jaxrs/2.2.3/cxf-bundle-jaxrs-2.2.3.jar!/META-INF/cxf/cxf-extension-http.fixml]] with [Generic bean: class [org.apache.cxf.transport.http.policy.HTTPServerAssertionBuilder]; scope=singleton; abstract=false; lazyInit=false; autowireMode=0; dependencyCheck=0; autowireCandidate=true; primary=false; factoryBeanName=null; factoryMethodName=null; initMethodName=null; destroyMethodName=null; defined in URL [jar:file:/C:/Users/Deniz/.m2/repository/org/apache/cxf/cxf-bundle-jaxrs/2.2.3/cxf-bundle-jaxrs-2.2.3.jar!/META-INF/cxf/cxf-extension-http.fixml]]
07.07.2011 13:27:48 org.springframework.beans.factory.support.DefaultListableBeanFactory registerBeanDefinition
INFO: Overriding bean definition for bean &apos;org.apache.cxf.transport.http.policy.NoOpPolicyInterceptorProvider&apos;: replacing [Generic bean: class [org.apache.cxf.transport.http.policy.NoOpPolicyInterceptorProvider]; scope=singleton; abstract=false; lazyInit=false; autowireMode=0; dependencyCheck=0; autowireCandidate=true; primary=false; factoryBeanName=null; factoryMethodName=null; initMethodName=null; destroyMethodName=null; defined in URL [jar:file:/C:/Users/Deniz/.m2/repository/org/apache/cxf/cxf-bundle-jaxrs/2.2.3/cxf-bundle-jaxrs-2.2.3.jar!/META-INF/cxf/cxf-extension-http.fixml]] with [Generic bean: class [org.apache.cxf.transport.http.policy.NoOpPolicyInterceptorProvider]; scope=singleton; abstract=false; lazyInit=false; autowireMode=0; dependencyCheck=0; autowireCandidate=true; primary=false; factoryBeanName=null; factoryMethodName=null; initMethodName=null; destroyMethodName=null; defined in URL [jar:file:/C:/Users/Deniz/.m2/repository/org/apache/cxf/cxf-bundle-jaxrs/2.2.3/cxf-bundle-jaxrs-2.2.3.jar!/META-INF/cxf/cxf-extension-http.fixml]]
07.07.2011 13:27:48 org.springframework.beans.factory.support.DefaultListableBeanFactory registerBeanDefinition
INFO: Overriding bean definition for bean &apos;org.apache.cxf.transport.http.ClientOnlyHTTPTransportFactory&apos;: replacing [Generic bean: class [org.apache.cxf.transport.http.ClientOnlyHTTPTransportFactory]; scope=singleton; abstract=false; lazyInit=true; autowireMode=0; dependencyCheck=0; autowireCandidate=true; primary=false; factoryBeanName=null; factoryMethodName=null; initMethodName=null; destroyMethodName=null; defined in URL [jar:file:/C:/Users/Deniz/.m2/repository/org/apache/cxf/cxf-bundle-jaxrs/2.2.3/cxf-bundle-jaxrs-2.2.3.jar!/META-INF/cxf/cxf-extension-http.fixml]] with [Generic bean: class [org.apache.cxf.transport.http.ClientOnlyHTTPTransportFactory]; scope=singleton; abstract=false; lazyInit=true; autowireMode=0; dependencyCheck=0; autowireCandidate=true; primary=false; factoryBeanName=null; factoryMethodName=null; initMethodName=null; destroyMethodName=null; defined in URL [jar:file:/C:/Users/Deniz/.m2/repository/org/apache/cxf/cxf-bundle-jaxrs/2.2.3/cxf-bundle-jaxrs-2.2.3.jar!/META-INF/cxf/cxf-extension-http.fixml]]
07.07.2011 13:27:48 org.springframework.context.support.AbstractApplicationContext obtainFreshBeanFactory
INFO: Bean factory for application context [org.apache.cxf.bus.spring.BusApplicationContext@3ed02b51]: org.springframework.beans.factory.support.DefaultListableBeanFactory@48082d37
07.07.2011 13:27:48 org.springframework.beans.factory.support.DefaultListableBeanFactory preInstantiateSingletons
INFO: Pre-instantiating singletons in org.springframework.beans.factory.support.DefaultListableBeanFactory@48082d37: defining beans [cxf,org.apache.cxf.bus.spring.BusApplicationListener,org.apache.cxf.bus.spring.BusWiringBeanFactoryPostProcessor,org.apache.cxf.bus.spring.Jsr250BeanPostProcessor,org.apache.cxf.bus.spring.BusExtensionPostProcessor,org.apache.cxf.resource.ResourceManager,org.apache.cxf.configuration.Configurer,org.apache.cxf.binding.BindingFactoryManager,org.apache.cxf.transport.DestinationFactoryManager,org.apache.cxf.transport.ConduitInitiatorManager,org.apache.cxf.wsdl.WSDLManager,org.apache.cxf.phase.PhaseManager,org.apache.cxf.workqueue.WorkQueueManager,org.apache.cxf.buslifecycle.BusLifeCycleManager,org.apache.cxf.endpoint.ServerRegistry,org.apache.cxf.endpoint.ServerLifeCycleManager,org.apache.cxf.endpoint.ClientLifeCycleManager,org.apache.cxf.transports.http.QueryHandlerRegistry,org.apache.cxf.endpoint.EndpointResolverRegistry,org.apache.cxf.headers.HeaderManager,org.apache.cxf.catalog.OASISCatalogManager,org.apache.cxf.endpoint.ServiceContractResolverRegistry,org.apache.cxf.transport.http.policy.HTTPClientAssertionBuilder,org.apache.cxf.transport.http.policy.HTTPServerAssertionBuilder,org.apache.cxf.transport.http.policy.NoOpPolicyInterceptorProvider,org.apache.cxf.transport.http.ClientOnlyHTTPTransportFactory,org.apache.cxf.transport.http_jetty.JettyHTTPTransportFactory,org.apache.cxf.jaxrs.JAXRSBindingFactory,org.apache.cxf.binding.xml.XMLBindingFactory,org.apache.cxf.jaxws.context.WebServiceContextResourceResolver,org.apache.cxf.jaxws.context.WebServiceContextImpl,org.apache.cxf.binding.soap.SoapBindingFactory,org.apache.cxf.binding.soap.SoapTransportFactory,org.apache.cxf.binding.soap.customEditorConfigurer,org.apache.cxf.ws.addressing.policy.AddressingAssertionBuilder,org.apache.cxf.ws.addressing.policy.AddressingPolicyInterceptorProvider,org.apache.cxf.ws.addressing.policy.UsingAddressingAssertionBuilder]; root of factory hierarchy
07.07.2011 13:27:48 org.apache.cxf.service.factory.ReflectionServiceFactoryBean buildServiceFromWSDL
INFO: Creating Service {http://ibis.tum.de/customerDb}serviceCustomers from WSDL: file:/C:/Users/Deniz/workspace/wsc/src/main/resources/customerDb.wsdl
07.07.2011 13:27:50 org.apache.cxf.phase.PhaseInterceptorChain doIntercept
WARNUNG: Interceptor has thrown exception, unwinding now
org.apache.cxf.interceptor.Fault: Could not send Message.
	at org.apache.cxf.interceptor.MessageSenderInterceptor$MessageSenderEndingInterceptor.handleMessage(MessageSenderInterceptor.java:64)
	at org.apache.cxf.phase.PhaseInterceptorChain.doIntercept(PhaseInterceptorChain.java:236)
	at org.apache.cxf.endpoint.ClientImpl.invoke(ClientImpl.java:472)
	at org.apache.cxf.endpoint.ClientImpl.invoke(ClientImpl.java:302)
	at org.apache.cxf.endpoint.ClientImpl.invoke(ClientImpl.java:254)
	at org.apache.cxf.frontend.ClientProxy.invokeSync(ClientProxy.java:73)
	at org.apache.cxf.jaxws.JaxWsClientProxy.invoke(JaxWsClientProxy.java:123)
	at $Proxy39.getCustomers(Unknown Source)
	at de.tum.ibis.customerdb.TestCustomerDb.classWideSetup(TestCustomerDb.java:31)
	at sun.reflect.NativeMethodAccessorImpl.invoke0(Native Method)
	at sun.reflect.NativeMethodAccessorImpl.invoke(NativeMethodAccessorImpl.java:39)
	at sun.reflect.DelegatingMethodAccessorImpl.invoke(DelegatingMethodAccessorImpl.java:25)
	at java.lang.reflect.Method.invoke(Method.java:597)
	at org.junit.internal.runners.TestMethod.invoke(TestMethod.java:59)
	at org.junit.internal.runners.MethodRoadie.runTestMethod(MethodRoadie.java:98)
	at org.junit.internal.runners.MethodRoadie$2.run(MethodRoadie.java:79)
	at org.junit.internal.runners.MethodRoadie.runBeforesThenTestThenAfters(MethodRoadie.java:87)
	at org.junit.internal.runners.MethodRoadie.runTest(MethodRoadie.java:77)
	at org.junit.internal.runners.MethodRoadie.run(MethodRoadie.java:42)
	at org.junit.internal.runners.JUnit4ClassRunner.invokeTestMethod(JUnit4ClassRunner.java:88)
	at org.junit.internal.runners.JUnit4ClassRunner.runMethods(JUnit4ClassRunner.java:51)
	at org.junit.internal.runners.JUnit4ClassRunner$1.run(JUnit4ClassRunner.java:44)
	at org.junit.internal.runners.ClassRoadie.runUnprotected(ClassRoadie.java:27)
	at org.junit.internal.runners.ClassRoadie.runProtected(ClassRoadie.java:37)
	at org.junit.internal.runners.JUnit4ClassRunner.run(JUnit4ClassRunner.java:42)
	at org.apache.maven.surefire.junit4.JUnit4TestSet.execute(JUnit4TestSet.java:35)
	at org.apache.maven.surefire.junit4.JUnit4Provider.executeTestSet(JUnit4Provider.java:146)
	at org.apache.maven.surefire.junit4.JUnit4Provider.invoke(JUnit4Provider.java:97)
	at sun.reflect.NativeMethodAccessorImpl.invoke0(Native Method)
	at sun.reflect.NativeMethodAccessorImpl.invoke(NativeMethodAccessorImpl.java:39)
	at sun.reflect.DelegatingMethodAccessorImpl.invoke(DelegatingMethodAccessorImpl.java:25)
	at java.lang.reflect.Method.invoke(Method.java:597)
	at org.apache.maven.surefire.booter.ProviderFactory$ClassLoaderProxy.invoke(ProviderFactory.java:103)
	at $Proxy0.invoke(Unknown Source)
	at org.apache.maven.surefire.booter.SurefireStarter.invokeProvider(SurefireStarter.java:145)
	at org.apache.maven.surefire.booter.SurefireStarter.runSuitesInProcess(SurefireStarter.java:87)
	at org.apache.maven.surefire.booter.ForkedBooter.main(ForkedBooter.java:69)
Caused by: java.net.ConnectException: Connection refused: connect
	at java.net.PlainSocketImpl.socketConnect(Native Method)
	at java.net.PlainSocketImpl.doConnect(PlainSocketImpl.java:333)
	at java.net.PlainSocketImpl.connectToAddress(PlainSocketImpl.java:195)
	at java.net.PlainSocketImpl.connect(PlainSocketImpl.java:182)
	at java.net.SocksSocketImpl.connect(SocksSocketImpl.java:366)
	at java.net.Socket.connect(Socket.java:529)
	at sun.net.NetworkClient.doConnect(NetworkClient.java:158)
	at sun.net.www.http.HttpClient.openServer(HttpClient.java:394)
	at sun.net.www.http.HttpClient.openServer(HttpClient.java:529)
	at sun.net.www.http.HttpClient.&lt;init&gt;(HttpClient.java:233)
	at sun.net.www.http.HttpClient.New(HttpClient.java:306)
	at sun.net.www.http.HttpClient.New(HttpClient.java:323)
	at sun.net.www.protocol.http.HttpURLConnection.getNewHttpClient(HttpURLConnection.java:975)
	at sun.net.www.protocol.http.HttpURLConnection.plainConnect(HttpURLConnection.java:916)
	at sun.net.www.protocol.http.HttpURLConnection.connect(HttpURLConnection.java:841)
	at sun.net.www.protocol.http.HttpURLConnection.getOutputStream(HttpURLConnection.java:1019)
	at org.apache.cxf.transport.http.HTTPConduit$WrappedOutputStream.handleHeadersTrustCaching(HTTPConduit.java:1916)
	at org.apache.cxf.transport.http.HTTPConduit$WrappedOutputStream.onFirstWrite(HTTPConduit.java:1871)
	at org.apache.cxf.io.AbstractWrappedOutputStream.write(AbstractWrappedOutputStream.java:42)
	at org.apache.cxf.io.AbstractThresholdOutputStream.write(AbstractThresholdOutputStream.java:69)
	at org.apache.cxf.transport.http.HTTPConduit$WrappedOutputStream.close(HTTPConduit.java:1934)
	at org.apache.cxf.transport.AbstractConduit.close(AbstractConduit.java:66)
	at org.apache.cxf.transport.http.HTTPConduit.close(HTTPConduit.java:632)
	at org.apache.cxf.interceptor.MessageSenderInterceptor$MessageSenderEndingInterceptor.handleMessage(MessageSenderInterceptor.java:62)
	... 36 more
</system-err>
  </testcase>
</testsuite>